Using pre-set license
Built from '2020.2/release' branch; Version is '2020.2.1f1 (270dd8c3da1c) revision 2559448'; Using compiler version '192528614'; Build Type 'Release'
OS: 'Windows 10  (10.0.0) 64bit' Language: 'uk' Physical Memory: 8097 MB
BatchMode: 1, IsHumanControllingUs: 0, StartBugReporterOnCrash: 0, Is64bit: 1, IsPro: 0

 COMMAND LINE ARGUMENTS:
C:\Program Files\Unity\Hub\Editor\2020.2.1f1\Editor\Unity.exe
-adb2
-batchMode
-noUpm
-name
AssetImportWorker0
-projectPath
C:/Users/DanyloLahodniuk/Documents/GitHub/unity-labs/GameTest2
-logFile
Logs/AssetImportWorker0.log
-srvPort
63880
Successfully changed project path to: C:/Users/DanyloLahodniuk/Documents/GitHub/unity-labs/GameTest2
C:/Users/DanyloLahodniuk/Documents/GitHub/unity-labs/GameTest2
Using Asset Import Pipeline V2.
Refreshing native plugins compatible for Editor in 101.71 ms, found 0 plugins.
Preloading 0 native plugins for Editor in 0.00 ms.
Initialize engine version: 2020.2.1f1 (270dd8c3da1c)
[Subsystems] Discovering subsystems at path C:/Program Files/Unity/Hub/Editor/2020.2.1f1/Editor/Data/Resources/UnitySubsystems
[Subsystems] Discovering subsystems at path C:/Users/DanyloLahodniuk/Documents/GitHub/unity-labs/GameTest2/Assets
GfxDevice: creating device client; threaded=0
Direct3D:
    Version:  Direct3D 11.0 [level 11.1]
    Renderer: Intel(R) HD Graphics Family (ID=0xa16)
    Vendor:   
    VRAM:     2048 MB
    Driver:   20.19.15.4835
Initialize mono
Mono path[0] = 'C:/Program Files/Unity/Hub/Editor/2020.2.1f1/Editor/Data/Managed'
Mono path[1] = 'C:/Program Files/Unity/Hub/Editor/2020.2.1f1/Editor/Data/MonoBleedingEdge/lib/mono/unityjit'
Mono config path = 'C:/Program Files/Unity/Hub/Editor/2020.2.1f1/Editor/Data/MonoBleedingEdge/etc'
Using monoOptions --debugger-agent=transport=dt_socket,embedding=1,server=y,suspend=n,address=127.0.0.1:56580
Begin MonoManager ReloadAssembly
Registering precompiled unity dll's ...
Register platform support module: C:/Program Files/Unity/Hub/Editor/2020.2.1f1/Editor/Data/PlaybackEngines/WindowsStandaloneSupport/UnityEditor.WindowsStandalone.Extensions.dll
Registered in 0.002778 seconds.
Native extension for WindowsStandalone target not found
Refreshing native plugins compatible for Editor in 47.06 ms, found 0 plugins.
Preloading 0 native plugins for Editor in 0.00 ms.
Invoked RoslynAnalysisRunner static constructor.
RoslynAnalysisRunner will not be running.
RoslynAnalysisRunner has terminated.
Mono: successfully reloaded assembly
- Completed reload, in  4.697 seconds
Platform modules already initialized, skipping
Registering precompiled user dll's ...
Registered in 0.001463 seconds.
Begin MonoManager ReloadAssembly
Native extension for WindowsStandalone target not found
Refreshing native plugins compatible for Editor in 0.36 ms, found 0 plugins.
Preloading 0 native plugins for Editor in 0.00 ms.
Invoked RoslynAnalysisRunner static constructor.
RoslynAnalysisRunner will not be running.
RoslynAnalysisRunner has terminated.
Mono: successfully reloaded assembly
- Completed reload, in  1.963 seconds
Platform modules already initialized, skipping
========================================================================
Worker process is ready to serve import requests
Launched and connected shader compiler UnityShaderCompiler.exe after 0.07 seconds
Refreshing native plugins compatible for Editor in 0.59 ms, found 0 plugins.
Preloading 0 native plugins for Editor in 0.00 ms.
Unloading 1123 Unused Serialized files (Serialized files now loaded: 0)
System memory in use before: 71.6 MB.
System memory in use after: 71.6 MB.

Unloading 10 unused Assets to reduce memory usage. Loaded Objects now: 1584.
Total: 5.038500 ms (FindLiveObjects: 0.403100 ms CreateObjectMapping: 0.114500 ms MarkObjects: 4.381000 ms  DeleteObjects: 0.137000 ms)

========================================================================
Received Import Request.
  path: Assets/Scenes
  artifactKey: Guid(b7af6331be0b24d4c8d71bc88a9813f7) Importer(815301076,1909f56bfc062723c751e8b465ee728b)
Start importing Assets/Scenes using Guid(b7af6331be0b24d4c8d71bc88a9813f7) Importer(815301076,1909f56bfc062723c751e8b465ee728b)  -> (artifact id: 'a85e807dad67abc7226ddec0a56a8159') in 0.021847 seconds
  Import took 0.024944 seconds .

========================================================================
Received Prepare
Refreshing native plugins compatible for Editor in 3.72 ms, found 0 plugins.
Preloading 0 native plugins for Editor in 0.00 ms.
Unloading 3 Unused Serialized files (Serialized files now loaded: 0)
System memory in use before: 48.9 MB.
System memory in use after: 49.0 MB.

Unloading 3 unused Assets to reduce memory usage. Loaded Objects now: 1584.
Total: 5.090400 ms (FindLiveObjects: 0.156900 ms CreateObjectMapping: 0.054900 ms MarkObjects: 4.796400 ms  DeleteObjects: 0.080100 ms)

========================================================================
Received Import Request.
  Time since last request: 4.589461 seconds.
  path: Assets/Scenes/UI.unity
  artifactKey: Guid(f00f972b30ea6e14aba21687067c4422) Importer(815301076,1909f56bfc062723c751e8b465ee728b)
Start importing Assets/Scenes/UI.unity using Guid(f00f972b30ea6e14aba21687067c4422) Importer(815301076,1909f56bfc062723c751e8b465ee728b)  -> (artifact id: '2787a6ca3015ccf12a70079ded06c81e') in 0.110082 seconds
  Import took 0.120872 seconds .

========================================================================
Received Prepare
Registering precompiled user dll's ...
Registered in 0.003815 seconds.
Begin MonoManager ReloadAssembly
Native extension for WindowsStandalone target not found
Refreshing native plugins compatible for Editor in 0.35 ms, found 0 plugins.
Preloading 0 native plugins for Editor in 0.00 ms.
Invoked RoslynAnalysisRunner static constructor.
RoslynAnalysisRunner will not be running.
RoslynAnalysisRunner has terminated.
Mono: successfully reloaded assembly
- Completed reload, in  5.472 seconds
Platform modules already initialized, skipping
Refreshing native plugins compatible for Editor in 0.73 ms, found 0 plugins.
Preloading 0 native plugins for Editor in 0.00 ms.
Unloading 1105 Unused Serialized files (Serialized files now loaded: 0)
System memory in use before: 71.0 MB.
System memory in use after: 71.1 MB.

Unloading 5 unused Assets to reduce memory usage. Loaded Objects now: 1587.
Total: 7.782700 ms (FindLiveObjects: 0.316700 ms CreateObjectMapping: 0.206000 ms MarkObjects: 7.067300 ms  DeleteObjects: 0.187800 ms)

========================================================================
Received Prepare
Registering precompiled user dll's ...
Registered in 0.002899 seconds.
Begin MonoManager ReloadAssembly
Native extension for WindowsStandalone target not found
Refreshing native plugins compatible for Editor in 0.37 ms, found 0 plugins.
Preloading 0 native plugins for Editor in 0.00 ms.
Invoked RoslynAnalysisRunner static constructor.
RoslynAnalysisRunner will not be running.
RoslynAnalysisRunner has terminated.
Mono: successfully reloaded assembly
- Completed reload, in  2.331 seconds
Platform modules already initialized, skipping
Refreshing native plugins compatible for Editor in 0.53 ms, found 0 plugins.
Preloading 0 native plugins for Editor in 0.00 ms.
Unloading 1105 Unused Serialized files (Serialized files now loaded: 0)
System memory in use before: 71.9 MB.
System memory in use after: 71.9 MB.

Unloading 5 unused Assets to reduce memory usage. Loaded Objects now: 1589.
Total: 5.865500 ms (FindLiveObjects: 0.256000 ms CreateObjectMapping: 0.079900 ms MarkObjects: 5.425200 ms  DeleteObjects: 0.101500 ms)

========================================================================
Received Prepare
Registering precompiled user dll's ...
Registered in 0.001006 seconds.
Begin MonoManager ReloadAssembly
Native extension for WindowsStandalone target not found
Refreshing native plugins compatible for Editor in 0.29 ms, found 0 plugins.
Preloading 0 native plugins for Editor in 0.00 ms.
Invoked RoslynAnalysisRunner static constructor.
RoslynAnalysisRunner will not be running.
RoslynAnalysisRunner has terminated.
Mono: successfully reloaded assembly
- Completed reload, in  2.243 seconds
Platform modules already initialized, skipping
Refreshing native plugins compatible for Editor in 0.55 ms, found 0 plugins.
Preloading 0 native plugins for Editor in 0.00 ms.
Unloading 1105 Unused Serialized files (Serialized files now loaded: 0)
System memory in use before: 72.0 MB.
System memory in use after: 72.1 MB.

Unloading 5 unused Assets to reduce memory usage. Loaded Objects now: 1591.
Total: 4.182800 ms (FindLiveObjects: 0.314000 ms CreateObjectMapping: 0.105800 ms MarkObjects: 3.605400 ms  DeleteObjects: 0.151900 ms)

========================================================================
Received Prepare
Registering precompiled user dll's ...
Registered in 0.001137 seconds.
Begin MonoManager ReloadAssembly
Native extension for WindowsStandalone target not found
Refreshing native plugins compatible for Editor in 0.30 ms, found 0 plugins.
Preloading 0 native plugins for Editor in 0.00 ms.
Invoked RoslynAnalysisRunner static constructor.
RoslynAnalysisRunner will not be running.
RoslynAnalysisRunner has terminated.
Mono: successfully reloaded assembly
- Completed reload, in  2.079 seconds
Platform modules already initialized, skipping
Refreshing native plugins compatible for Editor in 0.55 ms, found 0 plugins.
Preloading 0 native plugins for Editor in 0.00 ms.
Unloading 1105 Unused Serialized files (Serialized files now loaded: 0)
System memory in use before: 71.8 MB.
System memory in use after: 71.9 MB.

Unloading 5 unused Assets to reduce memory usage. Loaded Objects now: 1593.
Total: 4.956100 ms (FindLiveObjects: 0.445800 ms CreateObjectMapping: 0.080900 ms MarkObjects: 4.316800 ms  DeleteObjects: 0.109400 ms)

========================================================================
Received Prepare
Registering precompiled user dll's ...
Registered in 0.004891 seconds.
Begin MonoManager ReloadAssembly
Native extension for WindowsStandalone target not found
Refreshing native plugins compatible for Editor in 0.33 ms, found 0 plugins.
Preloading 0 native plugins for Editor in 0.00 ms.
Invoked RoslynAnalysisRunner static constructor.
RoslynAnalysisRunner will not be running.
RoslynAnalysisRunner has terminated.
Mono: successfully reloaded assembly
- Completed reload, in  2.271 seconds
Platform modules already initialized, skipping
Refreshing native plugins compatible for Editor in 0.51 ms, found 0 plugins.
Preloading 0 native plugins for Editor in 0.00 ms.
Unloading 1105 Unused Serialized files (Serialized files now loaded: 0)
System memory in use before: 72.0 MB.
System memory in use after: 72.1 MB.

Unloading 5 unused Assets to reduce memory usage. Loaded Objects now: 1595.
Total: 2.736700 ms (FindLiveObjects: 0.212900 ms CreateObjectMapping: 0.099700 ms MarkObjects: 2.298600 ms  DeleteObjects: 0.122700 ms)

========================================================================
Received Import Request.
  Time since last request: 771.596036 seconds.
  path: Assets/Scenes/SampleScene.unity
  artifactKey: Guid(9fc0d4010bbf28b4594072e72b8655ab) Importer(815301076,1909f56bfc062723c751e8b465ee728b)
Start importing Assets/Scenes/SampleScene.unity using Guid(9fc0d4010bbf28b4594072e72b8655ab) Importer(815301076,1909f56bfc062723c751e8b465ee728b)  -> (artifact id: '837bb33d73acc7940e6a7e9618cbe836') in 0.049736 seconds
  Import took 0.055997 seconds .

========================================================================
Received Prepare
Refreshing native plugins compatible for Editor in 5.56 ms, found 0 plugins.
Preloading 0 native plugins for Editor in 0.00 ms.
Unloading 6 Unused Serialized files (Serialized files now loaded: 0)
System memory in use before: 49.9 MB.
System memory in use after: 50.0 MB.

Unloading 3 unused Assets to reduce memory usage. Loaded Objects now: 1595.
Total: 7.356900 ms (FindLiveObjects: 0.291100 ms CreateObjectMapping: 0.079900 ms MarkObjects: 6.880300 ms  DeleteObjects: 0.102500 ms)

========================================================================
Received Prepare
Refreshing native plugins compatible for Editor in 2.20 ms, found 0 plugins.
Preloading 0 native plugins for Editor in 0.00 ms.
Unloading 3 Unused Serialized files (Serialized files now loaded: 0)
System memory in use before: 50.2 MB.
System memory in use after: 50.3 MB.

Unloading 3 unused Assets to reduce memory usage. Loaded Objects now: 1595.
Total: 6.620400 ms (FindLiveObjects: 1.859100 ms CreateObjectMapping: 0.168900 ms MarkObjects: 4.480900 ms  DeleteObjects: 0.108400 ms)

========================================================================
Received Prepare
Registering precompiled user dll's ...
Registered in 0.003512 seconds.
Begin MonoManager ReloadAssembly
Native extension for WindowsStandalone target not found
Refreshing native plugins compatible for Editor in 0.60 ms, found 0 plugins.
Preloading 0 native plugins for Editor in 0.00 ms.
Invoked RoslynAnalysisRunner static constructor.
RoslynAnalysisRunner will not be running.
RoslynAnalysisRunner has terminated.
Mono: successfully reloaded assembly
- Completed reload, in  1.650 seconds
Platform modules already initialized, skipping
Refreshing native plugins compatible for Editor in 0.47 ms, found 0 plugins.
Preloading 0 native plugins for Editor in 0.00 ms.
Unloading 1105 Unused Serialized files (Serialized files now loaded: 0)
System memory in use before: 71.7 MB.
System memory in use after: 71.7 MB.

Unloading 5 unused Assets to reduce memory usage. Loaded Objects now: 1597.
Total: 4.684000 ms (FindLiveObjects: 0.426000 ms CreateObjectMapping: 0.224700 ms MarkObjects: 3.940400 ms  DeleteObjects: 0.090200 ms)

========================================================================
Received Prepare
Registering precompiled user dll's ...
Registered in 0.004013 seconds.
Begin MonoManager ReloadAssembly
Native extension for WindowsStandalone target not found
Refreshing native plugins compatible for Editor in 0.31 ms, found 0 plugins.
Preloading 0 native plugins for Editor in 0.00 ms.
Invoked RoslynAnalysisRunner static constructor.
RoslynAnalysisRunner will not be running.
RoslynAnalysisRunner has terminated.
Mono: successfully reloaded assembly
- Completed reload, in  2.129 seconds
Platform modules already initialized, skipping
Refreshing native plugins compatible for Editor in 2.05 ms, found 0 plugins.
Preloading 0 native plugins for Editor in 0.00 ms.
Unloading 1105 Unused Serialized files (Serialized files now loaded: 0)
System memory in use before: 72.0 MB.
System memory in use after: 72.1 MB.

Unloading 5 unused Assets to reduce memory usage. Loaded Objects now: 1599.
Total: 7.419700 ms (FindLiveObjects: 0.264600 ms CreateObjectMapping: 0.109100 ms MarkObjects: 6.963400 ms  DeleteObjects: 0.080000 ms)

========================================================================
Received Import Request.
  Time since last request: 728.397439 seconds.
  path: Assets/Scripts
  artifactKey: Guid(4cc2de21d4d0ccf429890b6474cddfbd) Importer(815301076,1909f56bfc062723c751e8b465ee728b)
Start importing Assets/Scripts using Guid(4cc2de21d4d0ccf429890b6474cddfbd) Importer(815301076,1909f56bfc062723c751e8b465ee728b)  -> (artifact id: '1da9aef733c34fa73dd85c0b32b39e51') in 0.038666 seconds
  Import took 0.043251 seconds .

========================================================================
Received Import Request.
  Time since last request: 6.215310 seconds.
  path: Assets/UI.cs
  artifactKey: Guid(c3102bad631dba94facb974ec9d6a606) Importer(815301076,1909f56bfc062723c751e8b465ee728b)
Start importing Assets/UI.cs using Guid(c3102bad631dba94facb974ec9d6a606) Importer(815301076,1909f56bfc062723c751e8b465ee728b)  -> (artifact id: '0351757cccdc3e05953a85a34d4dc70f') in 0.110606 seconds
  Import took 0.115137 seconds .

========================================================================
Received Prepare
Registering precompiled user dll's ...
Registered in 0.001399 seconds.
Begin MonoManager ReloadAssembly
Native extension for WindowsStandalone target not found
Refreshing native plugins compatible for Editor in 0.67 ms, found 0 plugins.
Preloading 0 native plugins for Editor in 0.00 ms.
Invoked RoslynAnalysisRunner static constructor.
RoslynAnalysisRunner will not be running.
RoslynAnalysisRunner has terminated.
Mono: successfully reloaded assembly
- Completed reload, in  2.282 seconds
Platform modules already initialized, skipping
Refreshing native plugins compatible for Editor in 1.29 ms, found 0 plugins.
Preloading 0 native plugins for Editor in 0.00 ms.
Unloading 1105 Unused Serialized files (Serialized files now loaded: 0)
System memory in use before: 71.6 MB.
System memory in use after: 71.7 MB.

Unloading 5 unused Assets to reduce memory usage. Loaded Objects now: 1601.
Total: 2.798800 ms (FindLiveObjects: 0.261200 ms CreateObjectMapping: 0.062300 ms MarkObjects: 2.390500 ms  DeleteObjects: 0.082300 ms)

========================================================================
Received Import Request.
  Time since last request: 19.183826 seconds.
  path: Assets/Scripts/UI
  artifactKey: Guid(9921070d8861ab745abb8b710e60d475) Importer(815301076,1909f56bfc062723c751e8b465ee728b)
Start importing Assets/Scripts/UI using Guid(9921070d8861ab745abb8b710e60d475) Importer(815301076,1909f56bfc062723c751e8b465ee728b)  -> (artifact id: '00e91b1c4c493b8d1f483dfff0d287ab') in 0.026716 seconds
  Import took 0.030223 seconds .

========================================================================
Received Import Request.
  Time since last request: 0.003084 seconds.
  path: Assets/Scripts/UI
  artifactKey: Guid(9921070d8861ab745abb8b710e60d475) Importer(815301076,1909f56bfc062723c751e8b465ee728b)
Start importing Assets/Scripts/UI using Guid(9921070d8861ab745abb8b710e60d475) Importer(815301076,1909f56bfc062723c751e8b465ee728b)  -> (artifact id: '00e91b1c4c493b8d1f483dfff0d287ab') in 0.009614 seconds
  Import took 0.016110 seconds .

========================================================================
Received Prepare
Registering precompiled user dll's ...
Registered in 0.001506 seconds.
Begin MonoManager ReloadAssembly
Native extension for WindowsStandalone target not found
Refreshing native plugins compatible for Editor in 0.29 ms, found 0 plugins.
Preloading 0 native plugins for Editor in 0.00 ms.
Invoked RoslynAnalysisRunner static constructor.
RoslynAnalysisRunner will not be running.
RoslynAnalysisRunner has terminated.
Mono: successfully reloaded assembly
- Completed reload, in  2.193 seconds
Platform modules already initialized, skipping
Refreshing native plugins compatible for Editor in 0.45 ms, found 0 plugins.
Preloading 0 native plugins for Editor in 0.00 ms.
Unloading 1105 Unused Serialized files (Serialized files now loaded: 0)
System memory in use before: 72.1 MB.
System memory in use after: 72.1 MB.

Unloading 5 unused Assets to reduce memory usage. Loaded Objects now: 1603.
Total: 8.553000 ms (FindLiveObjects: 0.364900 ms CreateObjectMapping: 0.148700 ms MarkObjects: 7.817100 ms  DeleteObjects: 0.218700 ms)

========================================================================
Received Import Request.
  Time since last request: 24.037402 seconds.
  path: Assets/Scripts/Data
  artifactKey: Guid(9d1acb3183bf6784289b02ac6b34609c) Importer(815301076,1909f56bfc062723c751e8b465ee728b)
Start importing Assets/Scripts/Data using Guid(9d1acb3183bf6784289b02ac6b34609c) Importer(815301076,1909f56bfc062723c751e8b465ee728b)  -> (artifact id: 'a87437e9d3ccf4d7bdbc278f301ffc84') in 0.037816 seconds
  Import took 0.043145 seconds .

========================================================================
Received Import Request.
  Time since last request: 2.229349 seconds.
  path: Assets/Scripts/Data/PlayerData.cs
  artifactKey: Guid(78f132faa981da8419d27a075cfc8dc9) Importer(815301076,1909f56bfc062723c751e8b465ee728b)
Start importing Assets/Scripts/Data/PlayerData.cs using Guid(78f132faa981da8419d27a075cfc8dc9) Importer(815301076,1909f56bfc062723c751e8b465ee728b)  -> (artifact id: '427092221c9a6180314c9d9cd133e0e8') in 0.038531 seconds
  Import took 0.051112 seconds .

========================================================================
Received Import Request.
  Time since last request: 37.179645 seconds.
  path: Assets/Scripts/Interactable
  artifactKey: Guid(f3807f10e879ddd49aa5c1cec5def486) Importer(815301076,1909f56bfc062723c751e8b465ee728b)
Start importing Assets/Scripts/Interactable using Guid(f3807f10e879ddd49aa5c1cec5def486) Importer(815301076,1909f56bfc062723c751e8b465ee728b)  -> (artifact id: 'ffac244794cc0d3053031d027e3512f0') in 0.029627 seconds
  Import took 0.044823 seconds .

========================================================================
Received Import Request.
  Time since last request: 1.756545 seconds.
  path: Assets/Scripts/Interactable/Coin.cs
  artifactKey: Guid(75b7dc4a87255204b80b9190e26e85c4) Importer(815301076,1909f56bfc062723c751e8b465ee728b)
Start importing Assets/Scripts/Interactable/Coin.cs using Guid(75b7dc4a87255204b80b9190e26e85c4) Importer(815301076,1909f56bfc062723c751e8b465ee728b)  -> (artifact id: '7530eced5e51aeb4984563c8ec0377b6') in 0.029720 seconds
  Import took 0.038315 seconds .

========================================================================
Received Import Request.
  Time since last request: 14.528233 seconds.
  path: Assets/Scripts/Camera
  artifactKey: Guid(8ac907f9cd41b11498fc9e016426e147) Importer(815301076,1909f56bfc062723c751e8b465ee728b)
Start importing Assets/Scripts/Camera using Guid(8ac907f9cd41b11498fc9e016426e147) Importer(815301076,1909f56bfc062723c751e8b465ee728b)  -> (artifact id: 'cff1f7f5ed308cc19bbafb2228171a44') in 0.026566 seconds
  Import took 0.030428 seconds .

========================================================================
Received Import Request.
  Time since last request: 0.876526 seconds.
  path: Assets/Scripts/Camera/CursorInputController.cs
  artifactKey: Guid(57c3e92f69e00e44ab91155fe9199071) Importer(815301076,1909f56bfc062723c751e8b465ee728b)
Start importing Assets/Scripts/Camera/CursorInputController.cs using Guid(57c3e92f69e00e44ab91155fe9199071) Importer(815301076,1909f56bfc062723c751e8b465ee728b)  -> (artifact id: '6d2dc05393ed6d30a928fcdc0f02eb57') in 0.032962 seconds
  Import took 0.037247 seconds .

========================================================================
Received Import Request.
  Time since last request: 0.939621 seconds.
  path: Assets/Scripts/Camera/ICursorable.cs
  artifactKey: Guid(58eec3e764fb9d94995e9b183227d66d) Importer(815301076,1909f56bfc062723c751e8b465ee728b)
Start importing Assets/Scripts/Camera/ICursorable.cs using Guid(58eec3e764fb9d94995e9b183227d66d) Importer(815301076,1909f56bfc062723c751e8b465ee728b)  -> (artifact id: '9b342718f802e21bf4a8fcc878c19b7f') in 0.041499 seconds
  Import took 0.045339 seconds .

========================================================================
Received Import Request.
  Time since last request: 5.264409 seconds.
  path: Assets/Scripts/Camera/MouseLook.cs
  artifactKey: Guid(83fb3d3db59b4394eb67e08610fba91e) Importer(815301076,1909f56bfc062723c751e8b465ee728b)
Start importing Assets/Scripts/Camera/MouseLook.cs using Guid(83fb3d3db59b4394eb67e08610fba91e) Importer(815301076,1909f56bfc062723c751e8b465ee728b)  -> (artifact id: 'bdea3bc4b6fffbb9c7fc9af2cf182b4d') in 0.032655 seconds
  Import took 0.035904 seconds .

========================================================================
Received Import Request.
  Time since last request: 4.611809 seconds.
  path: Assets/Scripts/Enemies
  artifactKey: Guid(557f1828ed6959342a6af75d9626ce25) Importer(815301076,1909f56bfc062723c751e8b465ee728b)
Start importing Assets/Scripts/Enemies using Guid(557f1828ed6959342a6af75d9626ce25) Importer(815301076,1909f56bfc062723c751e8b465ee728b)  -> (artifact id: '4b362679e61bf366de4ba3ab9809dfe2') in 0.031471 seconds
  Import took 0.036429 seconds .

========================================================================
Received Import Request.
  Time since last request: 1.825173 seconds.
  path: Assets/Scripts/Fighting
  artifactKey: Guid(80681089c2499704990fc84f9fc183f0) Importer(815301076,1909f56bfc062723c751e8b465ee728b)
Start importing Assets/Scripts/Fighting using Guid(80681089c2499704990fc84f9fc183f0) Importer(815301076,1909f56bfc062723c751e8b465ee728b)  -> (artifact id: '329d2f5e1ba085c2d9d842c8128af6cc') in 0.028118 seconds
  Import took 0.033158 seconds .

========================================================================
Received Import Request.
  Time since last request: 3.078539 seconds.
  path: Assets/Scripts/Input
  artifactKey: Guid(491ba5a6b3113134585863f2b78c939f) Importer(815301076,1909f56bfc062723c751e8b465ee728b)
Start importing Assets/Scripts/Input using Guid(491ba5a6b3113134585863f2b78c939f) Importer(815301076,1909f56bfc062723c751e8b465ee728b)  -> (artifact id: 'ad082a6eacde4e54d32944222071fd67') in 0.029177 seconds
  Import took 0.034425 seconds .

========================================================================
Received Import Request.
  Time since last request: 8.575429 seconds.
  path: Assets/TextMesh Pro
  artifactKey: Guid(f54d1bd14bd3ca042bd867b519fee8cc) Importer(815301076,1909f56bfc062723c751e8b465ee728b)
Start importing Assets/TextMesh Pro using Guid(f54d1bd14bd3ca042bd867b519fee8cc) Importer(815301076,1909f56bfc062723c751e8b465ee728b)  -> (artifact id: '019cb03cd4e37445542528c396c70315') in 0.048464 seconds
  Import took 0.057291 seconds .

========================================================================
Received Import Request.
  Time since last request: 18.064824 seconds.
  path: Assets/Terrains
  artifactKey: Guid(8affae73fa31c1344b18e8a73aa7c9eb) Importer(815301076,1909f56bfc062723c751e8b465ee728b)
Start importing Assets/Terrains using Guid(8affae73fa31c1344b18e8a73aa7c9eb) Importer(815301076,1909f56bfc062723c751e8b465ee728b)  -> (artifact id: 'c18b1d15fc96b96d538025bb1f8977e4') in 0.035062 seconds
  Import took 0.039064 seconds .

========================================================================
Received Import Request.
  Time since last request: 0.097560 seconds.
  path: Assets/Terrains/Terrain.asset
  artifactKey: Guid(1f8a06288d39e134abc38668003e5838) Importer(815301076,1909f56bfc062723c751e8b465ee728b)
Start importing Assets/Terrains/Terrain.asset using Guid(1f8a06288d39e134abc38668003e5838) Importer(815301076,1909f56bfc062723c751e8b465ee728b) The tree Fir_Tree must use the Nature/Soft Occlusion shader. Otherwise billboarding/lighting will not work correctly.

The tree Oak_Tree must use the Nature/Soft Occlusion shader. Otherwise billboarding/lighting will not work correctly.

The tree Poplar_Tree must use the Nature/Soft Occlusion shader. Otherwise billboarding/lighting will not work correctly.

 -> (artifact id: '89fe00fa36fd24423438e36c81dc9ff9') in 0.190990 seconds
  Import took 0.202339 seconds .

========================================================================
Received Import Request.
  Time since last request: 9.976536 seconds.
  path: Assets/Scripts/Movement
  artifactKey: Guid(2a799139a5e4fa747a4a66002991f4b4) Importer(815301076,1909f56bfc062723c751e8b465ee728b)
Start importing Assets/Scripts/Movement using Guid(2a799139a5e4fa747a4a66002991f4b4) Importer(815301076,1909f56bfc062723c751e8b465ee728b)  -> (artifact id: '4eb91d1d18fdf3d41b7039d430ac5147') in 0.029474 seconds
  Import took 0.034344 seconds .

========================================================================
Received Import Request.
  Time since last request: 1.346892 seconds.
  path: Assets/Scripts/Transform
  artifactKey: Guid(43a005786b1810e4eab6c1a3e4489226) Importer(815301076,1909f56bfc062723c751e8b465ee728b)
Start importing Assets/Scripts/Transform using Guid(43a005786b1810e4eab6c1a3e4489226) Importer(815301076,1909f56bfc062723c751e8b465ee728b)  -> (artifact id: 'd7ce06f3726a478ee1f27fd9fab7e2c5') in 0.044717 seconds
  Import took 0.048989 seconds .

========================================================================
Received Import Request.
  Time since last request: 23.845622 seconds.
  path: Assets/Scripts/UI/HUD.cs
  artifactKey: Guid(c02dad3e52b54ab45afd38225d9c3434) Importer(815301076,1909f56bfc062723c751e8b465ee728b)
Start importing Assets/Scripts/UI/HUD.cs using Guid(c02dad3e52b54ab45afd38225d9c3434) Importer(815301076,1909f56bfc062723c751e8b465ee728b)  -> (artifact id: '61d47d8a216c632fb7d1c79bbb41603e') in 0.024957 seconds
  Import took 0.030057 seconds .

========================================================================
Received Import Request.
  Time since last request: 0.001104 seconds.
  path: Assets/Scripts/UI/HUD.cs
  artifactKey: Guid(c02dad3e52b54ab45afd38225d9c3434) Importer(815301076,1909f56bfc062723c751e8b465ee728b)
Start importing Assets/Scripts/UI/HUD.cs using Guid(c02dad3e52b54ab45afd38225d9c3434) Importer(815301076,1909f56bfc062723c751e8b465ee728b)  -> (artifact id: '61d47d8a216c632fb7d1c79bbb41603e') in 0.030613 seconds
  Import took 0.041559 seconds .

========================================================================
Received Import Request.
  Time since last request: 176.201002 seconds.
  path: Assets/Scripts/UI/HUD.cs
  artifactKey: Guid(c02dad3e52b54ab45afd38225d9c3434) Importer(815301076,1909f56bfc062723c751e8b465ee728b)
Start importing Assets/Scripts/UI/HUD.cs using Guid(c02dad3e52b54ab45afd38225d9c3434) Importer(815301076,1909f56bfc062723c751e8b465ee728b)  -> (artifact id: '3c9d72b3ff32d79a421bff7f8418a61a') in 0.070926 seconds
  Import took 0.084261 seconds .

========================================================================
Received Import Request.
  Time since last request: 0.004571 seconds.
  path: Assets/Scripts/UI/HUD.cs
  artifactKey: Guid(c02dad3e52b54ab45afd38225d9c3434) Importer(815301076,1909f56bfc062723c751e8b465ee728b)
Start importing Assets/Scripts/UI/HUD.cs using Guid(c02dad3e52b54ab45afd38225d9c3434) Importer(815301076,1909f56bfc062723c751e8b465ee728b)  -> (artifact id: '3c9d72b3ff32d79a421bff7f8418a61a') in 0.014748 seconds
  Import took 0.018939 seconds .

========================================================================
Received Import Request.
  Time since last request: 1.476624 seconds.
  path: Assets/UI.cs
  artifactKey: Guid(556e348d2f0bf8247ae452e2da1cc50d) Importer(815301076,1909f56bfc062723c751e8b465ee728b)
Start importing Assets/UI.cs using Guid(556e348d2f0bf8247ae452e2da1cc50d) Importer(815301076,1909f56bfc062723c751e8b465ee728b)  -> (artifact id: 'af10288a3baca0641c0e0e24bb96d438') in 0.011341 seconds
  Import took 0.015700 seconds .

========================================================================
Received Import Request.
  Time since last request: 0.003509 seconds.
  path: Assets/UI.cs
  artifactKey: Guid(556e348d2f0bf8247ae452e2da1cc50d) Importer(815301076,1909f56bfc062723c751e8b465ee728b)
Start importing Assets/UI.cs using Guid(556e348d2f0bf8247ae452e2da1cc50d) Importer(815301076,1909f56bfc062723c751e8b465ee728b)  -> (artifact id: 'af10288a3baca0641c0e0e24bb96d438') in 0.016164 seconds
  Import took 0.021056 seconds .

========================================================================
Received Prepare
Registering precompiled user dll's ...
Registered in 0.001275 seconds.
Begin MonoManager ReloadAssembly
Native extension for WindowsStandalone target not found
Refreshing native plugins compatible for Editor in 0.31 ms, found 0 plugins.
Preloading 0 native plugins for Editor in 0.00 ms.
Invoked RoslynAnalysisRunner static constructor.
RoslynAnalysisRunner will not be running.
RoslynAnalysisRunner has terminated.
Mono: successfully reloaded assembly
- Completed reload, in  1.724 seconds
Platform modules already initialized, skipping
Refreshing native plugins compatible for Editor in 1.07 ms, found 0 plugins.
Preloading 0 native plugins for Editor in 0.00 ms.
Unloading 1105 Unused Serialized files (Serialized files now loaded: 0)
System memory in use before: 71.7 MB.
System memory in use after: 71.8 MB.

Unloading 5 unused Assets to reduce memory usage. Loaded Objects now: 1605.
Total: 10.717900 ms (FindLiveObjects: 0.555300 ms CreateObjectMapping: 1.419400 ms MarkObjects: 8.655300 ms  DeleteObjects: 0.085000 ms)

========================================================================
Received Prepare
Registering precompiled user dll's ...
Registered in 0.001006 seconds.
Begin MonoManager ReloadAssembly
Native extension for WindowsStandalone target not found
Refreshing native plugins compatible for Editor in 0.28 ms, found 0 plugins.
Preloading 0 native plugins for Editor in 0.00 ms.
Invoked RoslynAnalysisRunner static constructor.
RoslynAnalysisRunner will not be running.
RoslynAnalysisRunner has terminated.
Mono: successfully reloaded assembly
- Completed reload, in  1.695 seconds
Platform modules already initialized, skipping
Refreshing native plugins compatible for Editor in 0.65 ms, found 0 plugins.
Preloading 0 native plugins for Editor in 0.00 ms.
Unloading 1105 Unused Serialized files (Serialized files now loaded: 0)
System memory in use before: 72.1 MB.
System memory in use after: 72.2 MB.

Unloading 5 unused Assets to reduce memory usage. Loaded Objects now: 1607.
Total: 3.607200 ms (FindLiveObjects: 0.227200 ms CreateObjectMapping: 0.109700 ms MarkObjects: 3.188700 ms  DeleteObjects: 0.079600 ms)

========================================================================
Received Prepare
Registering precompiled user dll's ...
Registered in 0.001067 seconds.
Begin MonoManager ReloadAssembly
Native extension for WindowsStandalone target not found
Refreshing native plugins compatible for Editor in 0.89 ms, found 0 plugins.
Preloading 0 native plugins for Editor in 0.00 ms.
Invoked RoslynAnalysisRunner static constructor.
RoslynAnalysisRunner will not be running.
RoslynAnalysisRunner has terminated.
Mono: successfully reloaded assembly
- Completed reload, in  2.601 seconds
Platform modules already initialized, skipping
Refreshing native plugins compatible for Editor in 0.68 ms, found 0 plugins.
Preloading 0 native plugins for Editor in 0.00 ms.
Unloading 1105 Unused Serialized files (Serialized files now loaded: 0)
System memory in use before: 72.2 MB.
System memory in use after: 72.3 MB.

Unloading 5 unused Assets to reduce memory usage. Loaded Objects now: 1609.
Total: 3.682600 ms (FindLiveObjects: 0.664400 ms CreateObjectMapping: 0.145600 ms MarkObjects: 2.759200 ms  DeleteObjects: 0.110100 ms)

========================================================================
Received Prepare
Registering precompiled user dll's ...
Registered in 0.002292 seconds.
Begin MonoManager ReloadAssembly
Native extension for WindowsStandalone target not found
Refreshing native plugins compatible for Editor in 0.34 ms, found 0 plugins.
Preloading 0 native plugins for Editor in 0.00 ms.
Invoked RoslynAnalysisRunner static constructor.
RoslynAnalysisRunner will not be running.
RoslynAnalysisRunner has terminated.
Mono: successfully reloaded assembly
- Completed reload, in  1.691 seconds
Platform modules already initialized, skipping
Refreshing native plugins compatible for Editor in 0.61 ms, found 0 plugins.
Preloading 0 native plugins for Editor in 0.00 ms.
Unloading 1105 Unused Serialized files (Serialized files now loaded: 0)
System memory in use before: 72.1 MB.
System memory in use after: 72.2 MB.

Unloading 5 unused Assets to reduce memory usage. Loaded Objects now: 1611.
Total: 5.141700 ms (FindLiveObjects: 0.753100 ms CreateObjectMapping: 0.246400 ms MarkObjects: 4.037500 ms  DeleteObjects: 0.101800 ms)

========================================================================
Received Prepare
Registering precompiled user dll's ...
Registered in 0.001058 seconds.
Begin MonoManager ReloadAssembly
Native extension for WindowsStandalone target not found
Refreshing native plugins compatible for Editor in 0.45 ms, found 0 plugins.
Preloading 0 native plugins for Editor in 0.00 ms.
Invoked RoslynAnalysisRunner static constructor.
RoslynAnalysisRunner will not be running.
RoslynAnalysisRunner has terminated.
Mono: successfully reloaded assembly
- Completed reload, in  3.059 seconds
Platform modules already initialized, skipping
Refreshing native plugins compatible for Editor in 0.49 ms, found 0 plugins.
Preloading 0 native plugins for Editor in 0.00 ms.
Unloading 1105 Unused Serialized files (Serialized files now loaded: 0)
System memory in use before: 72.2 MB.
System memory in use after: 72.3 MB.

Unloading 5 unused Assets to reduce memory usage. Loaded Objects now: 1613.
Total: 9.587600 ms (FindLiveObjects: 0.400900 ms CreateObjectMapping: 0.182500 ms MarkObjects: 8.836300 ms  DeleteObjects: 0.164500 ms)

========================================================================
Received Prepare
Registering precompiled user dll's ...
Registered in 0.002018 seconds.
Begin MonoManager ReloadAssembly
Native extension for WindowsStandalone target not found
Refreshing native plugins compatible for Editor in 0.38 ms, found 0 plugins.
Preloading 0 native plugins for Editor in 0.00 ms.
Invoked RoslynAnalysisRunner static constructor.
RoslynAnalysisRunner will not be running.
RoslynAnalysisRunner has terminated.
Mono: successfully reloaded assembly
- Completed reload, in  1.595 seconds
Platform modules already initialized, skipping
Refreshing native plugins compatible for Editor in 0.32 ms, found 0 plugins.
Preloading 0 native plugins for Editor in 0.00 ms.
Unloading 1105 Unused Serialized files (Serialized files now loaded: 0)
System memory in use before: 72.0 MB.
System memory in use after: 72.1 MB.

Unloading 5 unused Assets to reduce memory usage. Loaded Objects now: 1615.
Total: 3.302600 ms (FindLiveObjects: 0.391800 ms CreateObjectMapping: 0.075600 ms MarkObjects: 2.749500 ms  DeleteObjects: 0.083300 ms)

AssetImportWorkerClient::OnTransportError - code=2 error=End of file
